# JRE version: OpenJDK Runtime Environment (8.0_91-b14) (build 1.8.0_91-8u91-b14-3ubuntu1~16.04.1-b14)
# Java VM: OpenJDK 64-Bit Server VM (25.91-b14 mixed mode linux-amd64 compressed oops)
Heap:
 def new generation   total 81472K, used 0K [0x00000000e0000000, 0x00000000e5860000, 0x00000000eaaa0000)
  eden space 72448K,   0% used [0x00000000e0000000, 0x00000000e0000000, 0x00000000e46c0000)
  from space 9024K,   0% used [0x00000000e46c0000, 0x00000000e46c0000, 0x00000000e4f90000)
  to   space 9024K,   0% used [0x00000000e4f90000, 0x00000000e4f90000, 0x00000000e5860000)
 tenured generation   total 183596K, used 183069K [0x00000000eaaa0000, 0x00000000f5deb000, 0x0000000100000000)
   the space 183596K,  99% used [0x00000000eaaa0000, 0x00000000f5d675b0, 0x00000000f5d67600, 0x00000000f5deb000)
 Metaspace       used 19730K, capacity 19950K, committed 20352K, reserved 1067008K
  class space    used 2230K, capacity 2313K, committed 2432K, reserved 1048576K
GC Heap History (10 events):
Event: 13.899 GC heap after
Heap after GC invocations=61 (full 5):
 def new generation   total 81472K, used 9023K [0x00000000e0000000, 0x00000000e5860000, 0x00000000eaaa0000)
  eden space 72448K,   0% used [0x00000000e0000000, 0x00000000e0000000, 0x00000000e46c0000)
  from space 9024K,  99% used [0x00000000e4f90000, 0x00000000e585fff8, 0x00000000e5860000)
  to   space 9024K,   0% used [0x00000000e46c0000, 0x00000000e46c0000, 0x00000000e4f90000)
 tenured generation   total 180908K, used 94966K [0x00000000eaaa0000, 0x00000000f5b4b000, 0x0000000100000000)
   the space 180908K,  52% used [0x00000000eaaa0000, 0x00000000f075db70, 0x00000000f075dc00, 0x00000000f5b4b000)
 Metaspace       used 19730K, capacity 19950K, committed 20352K, reserved 1067008K
  class space    used 2230K, capacity 2313K, committed 2432K, reserved 1048576K
}
Event: 14.351 GC heap before
{Heap before GC invocations=61 (full 5):
 def new generation   total 81472K, used 81471K [0x00000000e0000000, 0x00000000e5860000, 0x00000000eaaa0000)
  eden space 72448K, 100% used [0x00000000e0000000, 0x00000000e46c0000, 0x00000000e46c0000)
  from space 9024K,  99% used [0x00000000e4f90000, 0x00000000e585fff8, 0x00000000e5860000)
  to   space 9024K,   0% used [0x00000000e46c0000, 0x00000000e46c0000, 0x00000000e4f90000)
 tenured generation   total 180908K, used 94966K [0x00000000eaaa0000, 0x00000000f5b4b000, 0x0000000100000000)
   the space 180908K,  52% used [0x00000000eaaa0000, 0x00000000f075db70, 0x00000000f075dc00, 0x00000000f5b4b000)
 Metaspace       used 19730K, capacity 19950K, committed 20352K, reserved 1067008K
  class space    used 2230K, capacity 2313K, committed 2432K, reserved 1048576K
Event: 14.527 GC heap after
Heap after GC invocations=62 (full 5):
 def new generation   total 81472K, used 9024K [0x00000000e0000000, 0x00000000e5860000, 0x00000000eaaa0000)
  eden space 72448K,   0% used [0x00000000e0000000, 0x00000000e0000000, 0x00000000e46c0000)
  from space 9024K, 100% used [0x00000000e46c0000, 0x00000000e4f90000, 0x00000000e4f90000)
  to   space 9024K,   0% used [0x00000000e4f90000, 0x00000000e4f90000, 0x00000000e5860000)
 tenured generation   total 180908K, used 110158K [0x00000000eaaa0000, 0x00000000f5b4b000, 0x0000000100000000)
   the space 180908K,  60% used [0x00000000eaaa0000, 0x00000000f16338f0, 0x00000000f1633a00, 0x00000000f5b4b000)
 Metaspace       used 19730K, capacity 19950K, committed 20352K, reserved 1067008K
  class space    used 2230K, capacity 2313K, committed 2432K, reserved 1048576K
}
Event: 14.791 GC heap before
{Heap before GC invocations=62 (full 5):
 def new generation   total 81472K, used 81472K [0x00000000e0000000, 0x00000000e5860000, 0x00000000eaaa0000)
  eden space 72448K, 100% used [0x00000000e0000000, 0x00000000e46c0000, 0x00000000e46c0000)
  from space 9024K, 100% used [0x00000000e46c0000, 0x00000000e4f90000, 0x00000000e4f90000)
  to   space 9024K,   0% used [0x00000000e4f90000, 0x00000000e4f90000, 0x00000000e5860000)
 tenured generation   total 180908K, used 110158K [0x00000000eaaa0000, 0x00000000f5b4b000, 0x0000000100000000)
   the space 180908K,  60% used [0x00000000eaaa0000, 0x00000000f16338f0, 0x00000000f1633a00, 0x00000000f5b4b000)
 Metaspace       used 19730K, capacity 19950K, committed 20352K, reserved 1067008K
  class space    used 2230K, capacity 2313K, committed 2432K, reserved 1048576K
Event: 15.030 GC heap after
Heap after GC invocations=63 (full 5):
 def new generation   total 81472K, used 9024K [0x00000000e0000000, 0x00000000e5860000, 0x00000000eaaa0000)
  eden space 72448K,   0% used [0x00000000e0000000, 0x00000000e0000000, 0x00000000e46c0000)
  from space 9024K, 100% used [0x00000000e4f90000, 0x00000000e5860000, 0x00000000e5860000)
  to   space 9024K,   0% used [0x00000000e46c0000, 0x00000000e46c0000, 0x00000000e4f90000)
 tenured generation   total 180908K, used 125325K [0x00000000eaaa0000, 0x00000000f5b4b000, 0x0000000100000000)
   the space 180908K,  69% used [0x00000000eaaa0000, 0x00000000f2503778, 0x00000000f2503800, 0x00000000f5b4b000)
 Metaspace       used 19730K, capacity 19950K, committed 20352K, reserved 1067008K
  class space    used 2230K, capacity 2313K, committed 2432K, reserved 1048576K
}
Event: 15.268 GC heap before
{Heap before GC invocations=63 (full 5):
 def new generation   total 81472K, used 81472K [0x00000000e0000000, 0x00000000e5860000, 0x00000000eaaa0000)
  eden space 72448K, 100% used [0x00000000e0000000, 0x00000000e46c0000, 0x00000000e46c0000)
  from space 9024K, 100% used [0x00000000e4f90000, 0x00000000e5860000, 0x00000000e5860000)
  to   space 9024K,   0% used [0x00000000e46c0000, 0x00000000e46c0000, 0x00000000e4f90000)
 tenured generation   total 180908K, used 125325K [0x00000000eaaa0000, 0x00000000f5b4b000, 0x0000000100000000)
   the space 180908K,  69% used [0x00000000eaaa0000, 0x00000000f2503778, 0x00000000f2503800, 0x00000000f5b4b000)
 Metaspace       used 19730K, capacity 19950K, committed 20352K, reserved 1067008K
  class space    used 2230K, capacity 2313K, committed 2432K, reserved 1048576K
Event: 15.429 GC heap after
Heap after GC invocations=64 (full 5):
 def new generation   total 81472K, used 9024K [0x00000000e0000000, 0x00000000e5860000, 0x00000000eaaa0000)
  eden space 72448K,   0% used [0x00000000e0000000, 0x00000000e0000000, 0x00000000e46c0000)
  from space 9024K, 100% used [0x00000000e46c0000, 0x00000000e4f90000, 0x00000000e4f90000)
  to   space 9024K,   0% used [0x00000000e4f90000, 0x00000000e4f90000, 0x00000000e5860000)
 tenured generation   total 180908K, used 140381K [0x00000000eaaa0000, 0x00000000f5b4b000, 0x0000000100000000)
   the space 180908K,  77% used [0x00000000eaaa0000, 0x00000000f33b7750, 0x00000000f33b7800, 0x00000000f5b4b000)
 Metaspace       used 19730K, capacity 19950K, committed 20352K, reserved 1067008K
  class space    used 2230K, capacity 2313K, committed 2432K, reserved 1048576K
}
Event: 15.687 GC heap before
{Heap before GC invocations=64 (full 5):
 def new generation   total 81472K, used 81472K [0x00000000e0000000, 0x00000000e5860000, 0x00000000eaaa0000)
  eden space 72448K, 100% used [0x00000000e0000000, 0x00000000e46c0000, 0x00000000e46c0000)
  from space 9024K, 100% used [0x00000000e46c0000, 0x00000000e4f90000, 0x00000000e4f90000)
  to   space 9024K,   0% used [0x00000000e4f90000, 0x00000000e4f90000, 0x00000000e5860000)
 tenured generation   total 180908K, used 140381K [0x00000000eaaa0000, 0x00000000f5b4b000, 0x0000000100000000)
   the space 180908K,  77% used [0x00000000eaaa0000, 0x00000000f33b7750, 0x00000000f33b7800, 0x00000000f5b4b000)
 Metaspace       used 19730K, capacity 19950K, committed 20352K, reserved 1067008K
  class space    used 2230K, capacity 2313K, committed 2432K, reserved 1048576K
Event: 15.924 GC heap after
Heap after GC invocations=65 (full 5):
 def new generation   total 81472K, used 9023K [0x00000000e0000000, 0x00000000e5860000, 0x00000000eaaa0000)
  eden space 72448K,   0% used [0x00000000e0000000, 0x00000000e0000000, 0x00000000e46c0000)
  from space 9024K,  99% used [0x00000000e4f90000, 0x00000000e585fff0, 0x00000000e5860000)
  to   space 9024K,   0% used [0x00000000e46c0000, 0x00000000e46c0000, 0x00000000e4f90000)
 tenured generation   total 180908K, used 155544K [0x00000000eaaa0000, 0x00000000f5b4b000, 0x0000000100000000)
   the space 180908K,  85% used [0x00000000eaaa0000, 0x00000000f4286040, 0x00000000f4286200, 0x00000000f5b4b000)
 Metaspace       used 19730K, capacity 19950K, committed 20352K, reserved 1067008K
  class space    used 2230K, capacity 2313K, committed 2432K, reserved 1048576K
}
Event: 16.074 GC heap before
{Heap before GC invocations=65 (full 5):
 def new generation   total 81472K, used 81471K [0x00000000e0000000, 0x00000000e5860000, 0x00000000eaaa0000)
  eden space 72448K, 100% used [0x00000000e0000000, 0x00000000e46c0000, 0x00000000e46c0000)
  from space 9024K,  99% used [0x00000000e4f90000, 0x00000000e585fff0, 0x00000000e5860000)
  to   space 9024K,   0% used [0x00000000e46c0000, 0x00000000e46c0000, 0x00000000e4f90000)
 tenured generation   total 180908K, used 155544K [0x00000000eaaa0000, 0x00000000f5b4b000, 0x0000000100000000)
   the space 180908K,  85% used [0x00000000eaaa0000, 0x00000000f4286040, 0x00000000f4286200, 0x00000000f5b4b000)
 Metaspace       used 19730K, capacity 19950K, committed 20352K, reserved 1067008K
  class space    used 2230K, capacity 2313K, committed 2432K, reserved 1048576K

